/*C3*/SET SCHEMA PUBLIC
DROP TABLE talenTabel IF EXISTS
CREATE TABLE talenTabel(id INTEGER NOT NULL IDENTITY, naam VARCHAR(30) NOT NULL, oprichter VARCHAR(50), extensionName VARCHAR(20),laatsteVersie DOUBLE,aantalGebruikers INTEGER,stijl VARCHAR(20),oprichtingsDatum Date)
INSERT INTO TALENTABEL VALUES(0,'Java','James Gosling','.java',9.0E0,9000000,'OBJECTORIENTED','1995-05-23')
COMMIT
INSERT INTO TALENTABEL VALUES(1,'R','Ross Ihaka','.r',3.4E0,1500000,'FUNCTIONEEL','1993-08-01')
COMMIT
INSERT INTO TALENTABEL VALUES(2,'C','Dennis Ritchie','.c',99.0E0,2520000,'IMPERATIEF','1972-01-01')
COMMIT
INSERT INTO TALENTABEL VALUES(3,'Python','Guido van Rossum','.py',3.6E0,5292000,'OBJECTORIENTED','1991-02-20')
COMMIT
INSERT INTO TALENTABEL VALUES(4,'Ruby','Yukihiro Matsumoto','.rb',2.4E0,720000,'FUNCTIONEEL','1995-01-01')
COMMIT
INSERT INTO TALENTABEL VALUES(5,'Go','Google','.go',1.9E0,180000,'IMPERATIEF','2009-11-10')
COMMIT
INSERT INTO TALENTABEL VALUES(6,'C#','Microsoft','.cs',6.0E0,2988000,'OBJECTORIENTED','2000-01-01')
COMMIT
INSERT INTO TALENTABEL VALUES(7,'Javascript','Mozilla','.js',6.0E0,2772000,'FUNCTIONEEL','1995-12-04')
COMMIT
INSERT INTO TALENTABEL VALUES(8,'PHP','Rasmus Lerdorf','.php',7.0E0,3384000,'IMPERATIEF','1995-06-08')
COMMIT
INSERT INTO TALENTABEL VALUES(9,'C++','Bjarne Stroustrup','.cpp',14.0E0,2484000,'OBJECTORIENTED','1983-01-01')
COMMIT
INSERT INTO TALENTABEL VALUES(10,'Rust','Graydon Hoare','.rs',1.17E0,108000,'FUNCTIONEEL','2010-01-01')
COMMIT
INSERT INTO TALENTABEL VALUES(11,'Scala','Martin Odersky','.scala',1.12E0,432000,'OBJECTORIENTED','2004-01-20')
COMMIT
INSERT INTO TALENTABEL VALUES(12,'Swift','Apple','.swift',2.2E0,1044000,'OBJECTORIENTED','2014-06-03')
COMMIT
INSERT INTO TALENTABEL VALUES(13,'Visual Basic','Microsoft','.vb',10.0E0,540000,'EVENTDRIVEN','1991-01-01')
COMMIT
INSERT INTO TALENTABEL VALUES(14,'Assembly','Kathleen Booth','.',0.0E0,756000,'IMPERATIEF','1949-01-01')
COMMIT
DELETE FROM TALENTABEL WHERE ID=0
INSERT INTO TALENTABEL VALUES(0,'Boeja','James Gosling','.java',9.0E0,9000000,'OBJECTORIENTED','1995-05-23')
COMMIT
DELETE FROM TALENTABEL WHERE ID=0
COMMIT
DISCONNECT
